[0m13:52:57.709433 [debug] [MainThread]: Sending event: {'category': 'dbt', 'action': 'invocation', 'label': 'start', 'context': [<snowplow_tracker.self_describing_json.SelfDescribingJson object at 0x000001B5E54387D0>, <snowplow_tracker.self_describing_json.SelfDescribingJson object at 0x000001B5E512F350>, <snowplow_tracker.self_describing_json.SelfDescribingJson object at 0x000001B5E495BBF0>]}


============================== 13:52:57.729431 | 5d2f6393-41a1-4a46-aa71-e187360d48c6 ==============================
[0m13:52:57.729431 [info ] [MainThread]: Running with dbt=1.11.11
[0m13:52:57.729431 [debug] [MainThread]: running dbt with arguments {'version_check': 'True', 'no_print': 'None', 'static_parser': 'True', 'target_path': 'None', 'warn_error_options': 'WarnErrorOptionsV2(error=[], warn=[], silence=[])', 'printer_width': '80', 'write_json': 'True', 'empty': 'None', 'log_cache_events': 'False', 'introspect': 'True', 'cache_selected_only': 'False', 'log_format': 'default', 'debug': 'False', 'fail_fast': 'False', 'profiles_dir': 'C:\\Users\\test\\.dbt', 'send_anonymous_usage_stats': 'True', 'quiet': 'False', 'warn_error': 'None', 'partial_parse': 'True', 'invocation_command': 'dbt init ecommerce_pipeline', 'use_colors': 'True', 'indirect_selection': 'eager', 'use_experimental_parser': 'False', 'log_path': 'logs'}
[0m13:52:57.748169 [info ] [MainThread]: Creating dbt configuration folder at C:\Users\test\.dbt
[0m13:52:57.750168 [debug] [MainThread]: Starter project path: C:\Users\test\AppData\Local\Programs\Python\Python312\Lib\site-packages\dbt\include\starter_project
[0m13:52:57.771083 [info ] [MainThread]: 
Your new dbt project "ecommerce_pipeline" was created!

For more information on how to configure the profiles.yml file,
please consult the dbt documentation here:

  https://docs.getdbt.com/docs/configure-your-profile

One more thing:

Need help? Don't hesitate to reach out to us via GitHub issues or on Slack:

  https://community.getdbt.com/

Happy modeling!

[0m13:52:57.772083 [info ] [MainThread]: Setting up your profile.
[0m13:53:13.817728 [info ] [MainThread]: Profile ecommerce_pipeline written to C:\Users\test\.dbt\profiles.yml using target's sample configuration. Once updated, you'll be able to start developing with dbt.
[0m13:53:13.818729 [debug] [MainThread]: Command `dbt init` succeeded at 13:53:13.818729 after 16.27 seconds
[0m13:53:13.818729 [debug] [MainThread]: Sending event: {'category': 'dbt', 'action': 'invocation', 'label': 'end', 'context': [<snowplow_tracker.self_describing_json.SelfDescribingJson object at 0x000001B5E512F350>, <snowplow_tracker.self_describing_json.SelfDescribingJson object at 0x000001B5E4E84320>, <snowplow_tracker.self_describing_json.SelfDescribingJson object at 0x000001B5E694C830>]}
[0m13:53:13.819729 [debug] [MainThread]: Flushing usage events
[0m13:53:14.785750 [debug] [MainThread]: An error was encountered while trying to flush usage events
